[debug] [2023-11-11T02:32:14.491Z] ----------------------------------------------------------------------
[debug] [2023-11-11T02:32:14.493Z] Command:       /opt/homebrew/Cellar/node/20.6.1/bin/node /opt/homebrew/bin/firebase init functions
[debug] [2023-11-11T02:32:14.493Z] CLI Version:   12.8.1
[debug] [2023-11-11T02:32:14.493Z] Platform:      darwin
[debug] [2023-11-11T02:32:14.494Z] Node Version:  v20.6.1
[debug] [2023-11-11T02:32:14.494Z] Time:          Fri Nov 10 2023 21:32:14 GMT-0500 (Eastern Standard Time)
[debug] [2023-11-11T02:32:14.494Z] ----------------------------------------------------------------------
[debug] 
[debug] [2023-11-11T02:32:14.538Z] > command requires scopes: ["email","openid","https://www.googleapis.com/auth/cloudplatformprojects.readonly","https://www.googleapis.com/auth/firebase","https://www.googleapis.com/auth/cloud-platform"]
[debug] [2023-11-11T02:32:14.538Z] > authorizing via signed-in user (l412057438@gmail.com)
[info] 
     ######## #### ########  ######## ########     ###     ######  ########
     ##        ##  ##     ## ##       ##     ##  ##   ##  ##       ##
     ######    ##  ########  ######   ########  #########  ######  ######
     ##        ##  ##    ##  ##       ##     ## ##     ##       ## ##
     ##       #### ##     ## ######## ########  ##     ##  ######  ########

You're about to initialize a Firebase project in this directory:

  /Users/l4120/Documents/Temple Classes/Projects in CS/project-studysync

Before we get started, keep in mind:

  * You are initializing within an existing Firebase project directory

[info] 
=== Project Setup
[info] 
[info] First, let's associate this project directory with a Firebase project.
[info] You can create multiple project aliases by running firebase use --add, 
[info] but for now we'll just set up a default project.
[info] 
[debug] [2023-11-11T02:32:14.543Z] Using project from CLI flag: studysync-a603a
[debug] [2023-11-11T02:32:14.544Z] >>> [apiv2][query] GET https://firebase.googleapis.com/v1beta1/projects/studysync-a603a [none]
[debug] [2023-11-11T02:32:14.890Z] <<< [apiv2][status] GET https://firebase.googleapis.com/v1beta1/projects/studysync-a603a 200
[debug] [2023-11-11T02:32:14.890Z] <<< [apiv2][body] GET https://firebase.googleapis.com/v1beta1/projects/studysync-a603a {"projectId":"studysync-a603a","projectNumber":"219192121920","displayName":"Studysync","name":"projects/studysync-a603a","resources":{"hostingSite":"studysync-a603a","realtimeDatabaseInstance":"studysync-a603a-default-rtdb"},"state":"ACTIVE","etag":"1_4d32e70a-4cd3-4bfb-8db6-beb8a7d6a59e"}
[info] i  Using project studysync-a603a (Studysync) 
[info] 
=== Functions Setup
[debug] [2023-11-11T02:32:14.899Z] > command requires scopes: ["email","openid","https://www.googleapis.com/auth/cloudplatformprojects.readonly","https://www.googleapis.com/auth/firebase","https://www.googleapis.com/auth/cloud-platform"]
[debug] [2023-11-11T02:32:14.899Z] > authorizing via signed-in user (l412057438@gmail.com)
[debug] [2023-11-11T02:32:14.899Z] [iam] checking project studysync-a603a for permissions ["firebase.projects.get"]
[debug] [2023-11-11T02:32:14.900Z] >>> [apiv2][query] POST https://cloudresourcemanager.googleapis.com/v1/projects/studysync-a603a:testIamPermissions [none]
[debug] [2023-11-11T02:32:14.900Z] >>> [apiv2][(partial)header] POST https://cloudresourcemanager.googleapis.com/v1/projects/studysync-a603a:testIamPermissions x-goog-quota-user=projects/studysync-a603a
[debug] [2023-11-11T02:32:14.900Z] >>> [apiv2][body] POST https://cloudresourcemanager.googleapis.com/v1/projects/studysync-a603a:testIamPermissions {"permissions":["firebase.projects.get"]}
[debug] [2023-11-11T02:32:15.104Z] <<< [apiv2][status] POST https://cloudresourcemanager.googleapis.com/v1/projects/studysync-a603a:testIamPermissions 200
[debug] [2023-11-11T02:32:15.104Z] <<< [apiv2][body] POST https://cloudresourcemanager.googleapis.com/v1/projects/studysync-a603a:testIamPermissions {"permissions":["firebase.projects.get"]}
[debug] [2023-11-11T02:32:15.105Z] >>> [apiv2][query] GET https://serviceusage.googleapis.com/v1/projects/studysync-a603a/services/cloudfunctions.googleapis.com [none]
[debug] [2023-11-11T02:32:15.105Z] >>> [apiv2][(partial)header] GET https://serviceusage.googleapis.com/v1/projects/studysync-a603a/services/cloudfunctions.googleapis.com x-goog-quota-user=projects/studysync-a603a
[debug] [2023-11-11T02:32:15.107Z] >>> [apiv2][query] GET https://serviceusage.googleapis.com/v1/projects/studysync-a603a/services/runtimeconfig.googleapis.com [none]
[debug] [2023-11-11T02:32:15.107Z] >>> [apiv2][(partial)header] GET https://serviceusage.googleapis.com/v1/projects/studysync-a603a/services/runtimeconfig.googleapis.com x-goog-quota-user=projects/studysync-a603a
[debug] [2023-11-11T02:32:15.488Z] <<< [apiv2][status] GET https://serviceusage.googleapis.com/v1/projects/studysync-a603a/services/runtimeconfig.googleapis.com 200
[debug] [2023-11-11T02:32:15.488Z] <<< [apiv2][body] GET https://serviceusage.googleapis.com/v1/projects/studysync-a603a/services/runtimeconfig.googleapis.com [omitted]
[debug] [2023-11-11T02:32:15.493Z] <<< [apiv2][status] GET https://serviceusage.googleapis.com/v1/projects/studysync-a603a/services/cloudfunctions.googleapis.com 200
[debug] [2023-11-11T02:32:15.493Z] <<< [apiv2][body] GET https://serviceusage.googleapis.com/v1/projects/studysync-a603a/services/cloudfunctions.googleapis.com [omitted]
[info] 
Detected existing codebase(s): default

[info] Let's create a new codebase for your functions.
[info] A directory corresponding to the codebase will be created in your project
[info] with sample code pre-configured.

[info] See https://firebase.google.com/docs/functions/organize-functions for
[info] more information on organizing your functions using codebases.

[info] Functions can be deployed with firebase deploy.

[error] Invalid codebase name. Codebase must be less than 64 characters and can contain only lowercase letters, numeric characters, underscores, and dashes.
[info] ✔  Wrote studysyncai/package.json 
[info] ✔  Wrote studysyncai/.eslintrc.js 
[info] ✔  Wrote studysyncai/index.js 
[info] ✔  Wrote studysyncai/.gitignore 
[info] 
[info] i  Writing configuration info to firebase.json... 
[info] i  Writing project information to .firebaserc... 
[info] 
[info] ✔  Firebase initialization complete! 
